<?xml version="1.0" encoding="UTF-8"?><testrun name="Rerun cucumber.options.TestRunner.cucumber.options.TestRunner" project="APICucumberFramework" tests="1" started="1" failures="0" errors="1" ignored="0">
  <testcase name="initializationError" classname="org.junit.runner.manipulation.Filter" time="0.001">
    <error>java.lang.Exception: No tests found matching [{ExactMatcher:fDisplayName=cucumber.options.TestRunner]] from org.junit.internal.requests.ClassRequest@22eeefeb&#13;
	at org.junit.internal.requests.FilterRequest.getRunner(FilterRequest.java:40)&#13;
	at org.eclipse.jdt.internal.junit4.runner.JUnit4TestLoader.createFilteredTest(JUnit4TestLoader.java:83)&#13;
	at org.eclipse.jdt.internal.junit4.runner.JUnit4TestLoader.createTest(JUnit4TestLoader.java:74)&#13;
	at org.eclipse.jdt.internal.junit4.runner.JUnit4TestLoader.loadTests(JUnit4TestLoader.java:49)&#13;
	at org.eclipse.jdt.internal.junit.runner.RemoteTestRunner.runTests(RemoteTestRunner.java:514)&#13;
	at org.eclipse.jdt.internal.junit.runner.RemoteTestRunner.runTests(RemoteTestRunner.java:758)&#13;
	at org.eclipse.jdt.internal.junit.runner.RemoteTestRunner.run(RemoteTestRunner.java:453)&#13;
	at org.eclipse.jdt.internal.junit.runner.RemoteTestRunner.main(RemoteTestRunner.java:211)&#13;
&#13;
</error>
  </testcase>
</testrun>
